[INFO  - 2016-06-11T19:47:09.989Z] GhostDriver - Main - running on port 26222
[INFO  - 2016-06-11T19:47:10.201Z] Session [49300250-300d-11e6-ab25-91c42397c1bb] - page.settings - {"XSSAuditingEnabled":false,"javascriptCanCloseWindows":true,"javascriptCanOpenWindows":true,"javascriptEnabled":true,"loadImages":true,"localToRemoteUrlAccessEnabled":false,"userAgent":"Mozilla/5.0 (Macintosh; Intel Mac OS X) AppleWebKit/538.1 (KHTML, like Gecko) PhantomJS/2.1.1 Safari/538.1","webSecurityEnabled":false}
[INFO  - 2016-06-11T19:47:10.201Z] Session [49300250-300d-11e6-ab25-91c42397c1bb] - page.customHeaders:  - {}
[INFO  - 2016-06-11T19:47:10.201Z] Session [49300250-300d-11e6-ab25-91c42397c1bb] - Session.negotiatedCapabilities - {"browserName":"phantomjs","version":"2.1.1","driverName":"ghostdriver","driverVersion":"1.2.0","platform":"mac-10.11 (El Capitan)-64bit","javascriptEnabled":true,"takesScreenshot":true,"handlesAlerts":false,"databaseEnabled":false,"locationContextEnabled":false,"applicationCacheEnabled":false,"browserConnectionEnabled":false,"cssSelectorsEnabled":true,"webStorageEnabled":false,"rotatable":false,"acceptSslCerts":false,"nativeEvents":true,"proxy":{"proxyType":"direct"}}
[INFO  - 2016-06-11T19:47:10.201Z] SessionManagerReqHand - _postNewSessionCommand - New Session Created: 49300250-300d-11e6-ab25-91c42397c1bb
[ERROR - 2016-06-11T19:47:17.378Z] WebElementLocator - _handleLocateCommand - Element(s) NOT Found: GAVE UP. Search Stop Time: 1465674437354
[INFO  - 2016-06-11T19:47:19.586Z] ShutdownReqHand - _handle - About to shutdown
[INFO  - 2016-06-11T19:50:08.450Z] GhostDriver - Main - running on port 38851
[INFO  - 2016-06-11T19:50:08.627Z] Session [b389cf00-300d-11e6-988a-6b43c2c34c14] - page.settings - {"XSSAuditingEnabled":false,"javascriptCanCloseWindows":true,"javascriptCanOpenWindows":true,"javascriptEnabled":true,"loadImages":true,"localToRemoteUrlAccessEnabled":false,"userAgent":"Mozilla/5.0 (Macintosh; Intel Mac OS X) AppleWebKit/538.1 (KHTML, like Gecko) PhantomJS/2.1.1 Safari/538.1","webSecurityEnabled":false}
[INFO  - 2016-06-11T19:50:08.627Z] Session [b389cf00-300d-11e6-988a-6b43c2c34c14] - page.customHeaders:  - {}
[INFO  - 2016-06-11T19:50:08.627Z] Session [b389cf00-300d-11e6-988a-6b43c2c34c14] - Session.negotiatedCapabilities - {"browserName":"phantomjs","version":"2.1.1","driverName":"ghostdriver","driverVersion":"1.2.0","platform":"mac-10.11 (El Capitan)-64bit","javascriptEnabled":true,"takesScreenshot":true,"handlesAlerts":false,"databaseEnabled":false,"locationContextEnabled":false,"applicationCacheEnabled":false,"browserConnectionEnabled":false,"cssSelectorsEnabled":true,"webStorageEnabled":false,"rotatable":false,"acceptSslCerts":false,"nativeEvents":true,"proxy":{"proxyType":"direct"}}
[INFO  - 2016-06-11T19:50:08.627Z] SessionManagerReqHand - _postNewSessionCommand - New Session Created: b389cf00-300d-11e6-988a-6b43c2c34c14
[ERROR - 2016-06-11T19:50:15.454Z] WebElementLocator - _handleLocateCommand - Element(s) NOT Found: GAVE UP. Search Stop Time: 1465674615408
[INFO  - 2016-06-11T19:50:17.317Z] ShutdownReqHand - _handle - About to shutdown
[INFO  - 2016-06-11T19:51:47.568Z] GhostDriver - Main - running on port 25919
[INFO  - 2016-06-11T19:51:47.719Z] Session [ee9a0c40-300d-11e6-a882-938ed23ec473] - page.settings - {"XSSAuditingEnabled":false,"javascriptCanCloseWindows":true,"javascriptCanOpenWindows":true,"javascriptEnabled":true,"loadImages":true,"localToRemoteUrlAccessEnabled":false,"userAgent":"Mozilla/5.0 (Macintosh; Intel Mac OS X) AppleWebKit/538.1 (KHTML, like Gecko) PhantomJS/2.1.1 Safari/538.1","webSecurityEnabled":false}
[INFO  - 2016-06-11T19:51:47.720Z] Session [ee9a0c40-300d-11e6-a882-938ed23ec473] - page.customHeaders:  - {}
[INFO  - 2016-06-11T19:51:47.720Z] Session [ee9a0c40-300d-11e6-a882-938ed23ec473] - Session.negotiatedCapabilities - {"browserName":"phantomjs","version":"2.1.1","driverName":"ghostdriver","driverVersion":"1.2.0","platform":"mac-10.11 (El Capitan)-64bit","javascriptEnabled":true,"takesScreenshot":true,"handlesAlerts":false,"databaseEnabled":false,"locationContextEnabled":false,"applicationCacheEnabled":false,"browserConnectionEnabled":false,"cssSelectorsEnabled":true,"webStorageEnabled":false,"rotatable":false,"acceptSslCerts":false,"nativeEvents":true,"proxy":{"proxyType":"direct"}}
[INFO  - 2016-06-11T19:51:47.720Z] SessionManagerReqHand - _postNewSessionCommand - New Session Created: ee9a0c40-300d-11e6-a882-938ed23ec473
[INFO  - 2016-06-11T19:51:55.731Z] ShutdownReqHand - _handle - About to shutdown
[INFO  - 2016-06-11T19:52:40.728Z] GhostDriver - Main - running on port 35749
[INFO  - 2016-06-11T19:52:40.882Z] Session [0e49ece0-300e-11e6-a467-dbea4379b894] - page.settings - {"XSSAuditingEnabled":false,"javascriptCanCloseWindows":true,"javascriptCanOpenWindows":true,"javascriptEnabled":true,"loadImages":true,"localToRemoteUrlAccessEnabled":false,"userAgent":"Mozilla/5.0 (Macintosh; Intel Mac OS X) AppleWebKit/538.1 (KHTML, like Gecko) PhantomJS/2.1.1 Safari/538.1","webSecurityEnabled":false}
[INFO  - 2016-06-11T19:52:40.882Z] Session [0e49ece0-300e-11e6-a467-dbea4379b894] - page.customHeaders:  - {}
[INFO  - 2016-06-11T19:52:40.882Z] Session [0e49ece0-300e-11e6-a467-dbea4379b894] - Session.negotiatedCapabilities - {"browserName":"phantomjs","version":"2.1.1","driverName":"ghostdriver","driverVersion":"1.2.0","platform":"mac-10.11 (El Capitan)-64bit","javascriptEnabled":true,"takesScreenshot":true,"handlesAlerts":false,"databaseEnabled":false,"locationContextEnabled":false,"applicationCacheEnabled":false,"browserConnectionEnabled":false,"cssSelectorsEnabled":true,"webStorageEnabled":false,"rotatable":false,"acceptSslCerts":false,"nativeEvents":true,"proxy":{"proxyType":"direct"}}
[INFO  - 2016-06-11T19:52:40.882Z] SessionManagerReqHand - _postNewSessionCommand - New Session Created: 0e49ece0-300e-11e6-a467-dbea4379b894
[ERROR - 2016-06-11T19:52:48.077Z] WebElementLocator - _handleLocateCommand - Element(s) NOT Found: GAVE UP. Search Stop Time: 1465674768059
[INFO  - 2016-06-11T19:52:48.955Z] ShutdownReqHand - _handle - About to shutdown
